-rw-r--r-- 1 root root 68818 Jun 8 16:29 var/log/dpkg.log

2016-06-08 16:28:24 startup archives install
2016-06-08 16:28:24 install base-passwd:amd64 <none> 3.5.37
2016-06-08 16:28:24 status half-installed base-passwd:amd64 3.5.37
2016-06-08 16:28:24 status unpacked base-passwd:amd64 3.5.37
2016-06-08 16:28:24 status unpacked base-passwd:amd64 3.5.37
2016-06-08 16:28:24 configure base-passwd:amd64 3.5.37 3.5.37
2016-06-08 16:28:24 status unpacked base-passwd:amd64 3.5.37
2016-06-08 16:28:24 status half-configured base-passwd:amd64 3.5.37
2016-06-08 16:28:25 status installed base-passwd:amd64 3.5.37
2016-06-08 16:28:25 startup archives install
2016-06-08 16:28:25 install base-files:amd64 <none> 8+deb8u5
2016-06-08 16:28:25 status half-installed base-files:amd64 8+deb8u5
2016-06-08 16:28:25 status unpacked base-files:amd64 8+deb8u5
2016-06-08 16:28:25 status unpacked base-files:amd64 8+deb8u5
2016-06-08 16:28:25 configure base-files:amd64 8+deb8u5 8+deb8u5
2016-06-08 16:28:25 status unpacked base-files:amd64 8+deb8u5
2016-06-08 16:28:25 status unpacked base-files:amd64 8+deb8u5
2016-06-08 16:28:25 status unpacked base-files:amd64 8+deb8u5
2016-06-08 16:28:25 status unpacked base-files:amd64 8+deb8u5
2016-06-08 16:28:25 status unpacked base-files:amd64 8+deb8u5
2016-06-08 16:28:25 status unpacked base-files:amd64 8+deb8u5
2016-06-08 16:28:25 status half-configured base-files:amd64 8+deb8u5
2016-06-08 16:28:25 status installed base-files:amd64 8+deb8u5
2016-06-08 16:28:25 startup archives install
2016-06-08 16:28:25 upgrade dpkg 1.17.27 1.17.27
2016-06-08 16:28:25 status half-configured dpkg 1.17.27
2016-06-08 16:28:25 status unpacked dpkg 1.17.27
2016-06-08 16:28:26 status half-installed dpkg 1.17.27
2016-06-08 16:28:26 status half-installed dpkg 1.17.27
2016-06-08 16:28:26 status unpacked dpkg 1.17.27
2016-06-08 16:28:26 status unpacked dpkg 1.17.27
2016-06-08 16:28:26 configure dpkg 1.17.27 1.17.27
2016-06-08 16:28:26 status unpacked dpkg 1.17.27
2016-06-08 16:28:26 status unpacked dpkg 1.17.27
2016-06-08 16:28:26 status unpacked dpkg 1.17.27
2016-06-08 16:28:26 status unpacked dpkg 1.17.27
2016-06-08 16:28:26 status unpacked dpkg 1.17.27
2016-06-08 16:28:26 status half-configured dpkg 1.17.27
2016-06-08 16:28:26 status installed dpkg 1.17.27
2016-06-08 16:28:26 startup archives install
2016-06-08 16:28:26 install libc6:amd64 <none> 2.19-18+deb8u4
2016-06-08 16:28:26 status half-installed libc6:amd64 2.19-18+deb8u4
2016-06-08 16:28:27 status unpacked libc6:amd64 2.19-18+deb8u4
2016-06-08 16:28:27 status unpacked libc6:amd64 2.19-18+deb8u4
2016-06-08 16:28:27 configure libc6:amd64 2.19-18+deb8u4 2.19-18+deb8u4
2016-06-08 16:28:27 status unpacked libc6:amd64 2.19-18+deb8u4
2016-06-08 16:28:27 status unpacked libc6:amd64 2.19-18+deb8u4
2016-06-08 16:28:27 status half-configured libc6:amd64 2.19-18+deb8u4
2016-06-08 16:28:27 status installed libc6:amd64 2.19-18+deb8u4
2016-06-08 16:28:27 startup archives install
2016-06-08 16:28:27 install perl-base:amd64 <none> 5.20.2-3+deb8u5
2016-06-08 16:28:27 status half-installed perl-base:amd64 5.20.2-3+deb8u5
2016-06-08 16:28:28 status unpacked perl-base:amd64 5.20.2-3+deb8u5
2016-06-08 16:28:28 status unpacked perl-base:amd64 5.20.2-3+deb8u5
2016-06-08 16:28:28 configure perl-base:amd64 5.20.2-3+deb8u5 5.20.2-3+deb8u5
2016-06-08 16:28:28 status unpacked perl-base:amd64 5.20.2-3+deb8u5
2016-06-08 16:28:28 status half-configured perl-base:amd64 5.20.2-3+deb8u5
2016-06-08 16:28:28 status installed perl-base:amd64 5.20.2-3+deb8u5
2016-06-08 16:28:28 startup archives install
2016-06-08 16:28:28 install mawk:amd64 <none> 1.3.3-17
2016-06-08 16:28:28 status half-installed mawk:amd64 1.3.3-17
2016-06-08 16:28:28 status unpacked mawk:amd64 1.3.3-17
2016-06-08 16:28:28 status unpacked mawk:amd64 1.3.3-17
2016-06-08 16:28:28 configure mawk:amd64 1.3.3-17 1.3.3-17
2016-06-08 16:28:28 status unpacked mawk:amd64 1.3.3-17
2016-06-08 16:28:28 status half-configured mawk:amd64 1.3.3-17
2016-06-08 16:28:28 status installed mawk:amd64 1.3.3-17
2016-06-08 16:28:29 startup archives unpack
2016-06-08 16:28:29 install acl:amd64 <none> 2.2.52-2
2016-06-08 16:28:29 status half-installed acl:amd64 2.2.52-2
2016-06-08 16:28:29 status unpacked acl:amd64 2.2.52-2
2016-06-08 16:28:29 status unpacked acl:amd64 2.2.52-2
2016-06-08 16:28:29 install libacl1:amd64 <none> 2.2.52-2
2016-06-08 16:28:29 status half-installed libacl1:amd64 2.2.52-2
2016-06-08 16:28:29 status unpacked libacl1:amd64 2.2.52-2
2016-06-08 16:28:29 status unpacked libacl1:amd64 2.2.52-2
2016-06-08 16:28:29 install adduser:all <none> 3.113+nmu3
2016-06-08 16:28:29 status half-installed adduser:all 3.113+nmu3
2016-06-08 16:28:29 status unpacked adduser:all 3.113+nmu3
2016-06-08 16:28:29 status unpacked adduser:all 3.113+nmu3
2016-06-08 16:28:30 install libattr1:amd64 <none> 1:2.4.47-2
2016-06-08 16:28:30 status half-installed libattr1:amd64 1:2.4.47-2
2016-06-08 16:28:30 status unpacked libattr1:amd64 1:2.4.47-2
2016-06-08 16:28:30 status unpacked libattr1:amd64 1:2.4.47-2
2016-06-08 16:28:30 install libaudit-common:all <none> 1:2.4-1
2016-06-08 16:28:30 status half-installed libaudit-common:all 1:2.4-1
2016-06-08 16:28:30 status unpacked libaudit-common:all 1:2.4-1
2016-06-08 16:28:30 status unpacked libaudit-common:all 1:2.4-1
2016-06-08 16:28:30 install libaudit1:amd64 <none> 1:2.4-1+b1
2016-06-08 16:28:30 status half-installed libaudit1:amd64 1:2.4-1+b1
2016-06-08 16:28:30 status unpacked libaudit1:amd64 1:2.4-1+b1
2016-06-08 16:28:30 status unpacked libaudit1:amd64 1:2.4-1+b1
2016-06-08 16:28:30 upgrade base-files:amd64 8+deb8u5 8+deb8u5
2016-06-08 16:28:30 status half-configured base-files:amd64 8+deb8u5
2016-06-08 16:28:30 status unpacked base-files:amd64 8+deb8u5
2016-06-08 16:28:30 status half-installed base-files:amd64 8+deb8u5
2016-06-08 16:28:30 status half-installed base-files:amd64 8+deb8u5
2016-06-08 16:28:31 status unpacked base-files:amd64 8+deb8u5
2016-06-08 16:28:31 status unpacked base-files:amd64 8+deb8u5
2016-06-08 16:28:31 upgrade base-passwd:amd64 3.5.37 3.5.37
2016-06-08 16:28:31 status half-configured base-passwd:amd64 3.5.37
2016-06-08 16:28:31 status unpacked base-passwd:amd64 3.5.37
2016-06-08 16:28:31 status half-installed base-passwd:amd64 3.5.37
2016-06-08 16:28:31 status half-installed base-passwd:amd64 3.5.37
2016-06-08 16:28:31 status unpacked base-passwd:amd64 3.5.37
2016-06-08 16:28:31 status unpacked base-passwd:amd64 3.5.37
2016-06-08 16:28:31 install bash:amd64 <none> 4.3-11+b1
2016-06-08 16:28:31 status half-installed bash:amd64 4.3-11+b1
2016-06-08 16:28:31 status unpacked bash:amd64 4.3-11+b1
2016-06-08 16:28:31 status unpacked bash:amd64 4.3-11+b1
2016-06-08 16:28:31 install libbz2-1.0:amd64 <none> 1.0.6-7+b3
2016-06-08 16:28:31 status half-installed libbz2-1.0:amd64 1.0.6-7+b3
2016-06-08 16:28:32 status unpacked libbz2-1.0:amd64 1.0.6-7+b3
2016-06-08 16:28:32 status unpacked libbz2-1.0:amd64 1.0.6-7+b3
2016-06-08 16:28:32 install libdebconfclient0:amd64 <none> 0.192
2016-06-08 16:28:32 status half-installed libdebconfclient0:amd64 0.192
2016-06-08 16:28:32 status unpacked libdebconfclient0:amd64 0.192
2016-06-08 16:28:32 status unpacked libdebconfclient0:amd64 0.192
2016-06-08 16:28:32 install coreutils:amd64 <none> 8.23-4
2016-06-08 16:28:32 status half-installed coreutils:amd64 8.23-4
2016-06-08 16:28:32 status unpacked coreutils:amd64 8.23-4
2016-06-08 16:28:32 status unpacked coreutils:amd64 8.23-4
2016-06-08 16:28:33 install libcryptsetup4:amd64 <none> 2:1.6.6-5
2016-06-08 16:28:33 status half-installed libcryptsetup4:amd64 2:1.6.6-5
2016-06-08 16:28:33 status unpacked libcryptsetup4:amd64 2:1.6.6-5
2016-06-08 16:28:33 status unpacked libcryptsetup4:amd64 2:1.6.6-5
2016-06-08 16:28:33 install dash:amd64 <none> 0.5.7-4+b1
2016-06-08 16:28:33 status half-installed dash:amd64 0.5.7-4+b1
2016-06-08 16:28:33 status unpacked dash:amd64 0.5.7-4+b1
2016-06-08 16:28:33 status unpacked dash:amd64 0.5.7-4+b1
2016-06-08 16:28:33 install libdb5.3:amd64 <none> 5.3.28-9
2016-06-08 16:28:33 status half-installed libdb5.3:amd64 5.3.28-9
2016-06-08 16:28:33 status unpacked libdb5.3:amd64 5.3.28-9
2016-06-08 16:28:34 status unpacked libdb5.3:amd64 5.3.28-9
2016-06-08 16:28:34 install debconf:all <none> 1.5.56
2016-06-08 16:28:34 status half-installed debconf:all 1.5.56
2016-06-08 16:28:34 status unpacked debconf:all 1.5.56
2016-06-08 16:28:34 status unpacked debconf:all 1.5.56
2016-06-08 16:28:34 install debconf-i18n:all <none> 1.5.56
2016-06-08 16:28:34 status half-installed debconf-i18n:all 1.5.56
2016-06-08 16:28:34 status unpacked debconf-i18n:all 1.5.56
2016-06-08 16:28:34 status unpacked debconf-i18n:all 1.5.56
2016-06-08 16:28:34 install debianutils:amd64 <none> 4.4+b1
2016-06-08 16:28:34 status half-installed debianutils:amd64 4.4+b1
2016-06-08 16:28:34 status unpacked debianutils:amd64 4.4+b1
2016-06-08 16:28:34 status unpacked debianutils:amd64 4.4+b1
2016-06-08 16:28:34 install diffutils:amd64 <none> 1:3.3-1+b1
2016-06-08 16:28:34 status half-installed diffutils:amd64 1:3.3-1+b1
2016-06-08 16:28:35 status unpacked diffutils:amd64 1:3.3-1+b1
2016-06-08 16:28:35 status unpacked diffutils:amd64 1:3.3-1+b1
2016-06-08 16:28:35 upgrade dpkg:amd64 1.17.27 1.17.27
2016-06-08 16:28:35 status half-configured dpkg:amd64 1.17.27
2016-06-08 16:28:35 status unpacked dpkg:amd64 1.17.27
2016-06-08 16:28:35 status half-installed dpkg:amd64 1.17.27
2016-06-08 16:28:35 status half-installed dpkg:amd64 1.17.27
2016-06-08 16:28:35 status unpacked dpkg:amd64 1.17.27
2016-06-08 16:28:35 status unpacked dpkg:amd64 1.17.27
2016-06-08 16:28:35 install e2fslibs:amd64 <none> 1.42.12-1.1
2016-06-08 16:28:35 status half-installed e2fslibs:amd64 1.42.12-1.1
2016-06-08 16:28:35 status unpacked e2fslibs:amd64 1.42.12-1.1
2016-06-08 16:28:35 status unpacked e2fslibs:amd64 1.42.12-1.1
2016-06-08 16:28:35 install e2fsprogs:amd64 <none> 1.42.12-1.1
2016-06-08 16:28:35 status half-installed e2fsprogs:amd64 1.42.12-1.1
2016-06-08 16:28:36 status unpacked e2fsprogs:amd64 1.42.12-1.1
2016-06-08 16:28:36 status unpacked e2fsprogs:amd64 1.42.12-1.1
2016-06-08 16:28:36 install libcomerr2:amd64 <none> 1.42.12-1.1
2016-06-08 16:28:36 status half-installed libcomerr2:amd64 1.42.12-1.1
2016-06-08 16:28:36 status unpacked libcomerr2:amd64 1.42.12-1.1
2016-06-08 16:28:36 status unpacked libcomerr2:amd64 1.42.12-1.1
2016-06-08 16:28:36 install libss2:amd64 <none> 1.42.12-1.1
2016-06-08 16:28:36 status half-installed libss2:amd64 1.42.12-1.1
2016-06-08 16:28:36 status unpacked libss2:amd64 1.42.12-1.1
2016-06-08 16:28:36 status unpacked libss2:amd64 1.42.12-1.1
2016-06-08 16:28:36 install findutils:amd64 <none> 4.4.2-9+b1
2016-06-08 16:28:36 status half-installed findutils:amd64 4.4.2-9+b1
2016-06-08 16:28:36 status unpacked findutils:amd64 4.4.2-9+b1
2016-06-08 16:28:37 status unpacked findutils:amd64 4.4.2-9+b1
2016-06-08 16:28:37 install gcc-4.8-base:amd64 <none> 4.8.4-1
2016-06-08 16:28:37 status half-installed gcc-4.8-base:amd64 4.8.4-1
2016-06-08 16:28:37 status unpacked gcc-4.8-base:amd64 4.8.4-1
2016-06-08 16:28:37 status unpacked gcc-4.8-base:amd64 4.8.4-1
2016-06-08 16:28:37 install gcc-4.9-base:amd64 <none> 4.9.2-10
2016-06-08 16:28:37 status half-installed gcc-4.9-base:amd64 4.9.2-10
2016-06-08 16:28:37 status unpacked gcc-4.9-base:amd64 4.9.2-10
2016-06-08 16:28:37 status unpacked gcc-4.9-base:amd64 4.9.2-10
2016-06-08 16:28:37 install libgcc1:amd64 <none> 1:4.9.2-10
2016-06-08 16:28:37 status half-installed libgcc1:amd64 1:4.9.2-10
2016-06-08 16:28:37 status unpacked libgcc1:amd64 1:4.9.2-10
2016-06-08 16:28:37 status unpacked libgcc1:amd64 1:4.9.2-10
2016-06-08 16:28:37 install libc-bin:amd64 <none> 2.19-18+deb8u4
2016-06-08 16:28:37 status half-installed libc-bin:amd64 2.19-18+deb8u4
2016-06-08 16:28:38 status unpacked libc-bin:amd64 2.19-18+deb8u4
2016-06-08 16:28:38 status unpacked libc-bin:amd64 2.19-18+deb8u4
2016-06-08 16:28:38 upgrade libc6:amd64 2.19-18+deb8u4 2.19-18+deb8u4
2016-06-08 16:28:38 status half-configured libc6:amd64 2.19-18+deb8u4
2016-06-08 16:28:38 status unpacked libc6:amd64 2.19-18+deb8u4
2016-06-08 16:28:38 status half-installed libc6:amd64 2.19-18+deb8u4
2016-06-08 16:28:38 status half-installed libc6:amd64 2.19-18+deb8u4
2016-06-08 16:28:38 status unpacked libc6:amd64 2.19-18+deb8u4
2016-06-08 16:28:38 status unpacked libc6:amd64 2.19-18+deb8u4
2016-06-08 16:28:39 install multiarch-support:amd64 <none> 2.19-18+deb8u4
2016-06-08 16:28:39 status half-installed multiarch-support:amd64 2.19-18+deb8u4
2016-06-08 16:28:39 status unpacked multiarch-support:amd64 2.19-18+deb8u4
2016-06-08 16:28:39 status unpacked multiarch-support:amd64 2.19-18+deb8u4
2016-06-08 16:28:39 install grep:amd64 <none> 2.20-4.1
2016-06-08 16:28:39 status half-installed grep:amd64 2.20-4.1
2016-06-08 16:28:39 status unpacked grep:amd64 2.20-4.1
2016-06-08 16:28:39 status unpacked grep:amd64 2.20-4.1
2016-06-08 16:28:39 install gzip:amd64 <none> 1.6-4
2016-06-08 16:28:39 status half-installed gzip:amd64 1.6-4
2016-06-08 16:28:39 status unpacked gzip:amd64 1.6-4
2016-06-08 16:28:39 status unpacked gzip:amd64 1.6-4
2016-06-08 16:28:39 install hostname:amd64 <none> 3.15
2016-06-08 16:28:39 status half-installed hostname:amd64 3.15
2016-06-08 16:28:39 status unpacked hostname:amd64 3.15
2016-06-08 16:28:39 status unpacked hostname:amd64 3.15
2016-06-08 16:28:39 install init:amd64 <none> 1.22
2016-06-08 16:28:39 status half-installed init:amd64 1.22
2016-06-08 16:28:40 status unpacked init:amd64 1.22
2016-06-08 16:28:40 status unpacked init:amd64 1.22
2016-06-08 16:28:40 install insserv:amd64 <none> 1.14.0-5
2016-06-08 16:28:40 status half-installed insserv:amd64 1.14.0-5
2016-06-08 16:28:40 status unpacked insserv:amd64 1.14.0-5
2016-06-08 16:28:40 status unpacked insserv:amd64 1.14.0-5
2016-06-08 16:28:40 install libkmod2:amd64 <none> 18-3
2016-06-08 16:28:40 status half-installed libkmod2:amd64 18-3
2016-06-08 16:28:40 status unpacked libkmod2:amd64 18-3
2016-06-08 16:28:40 status unpacked libkmod2:amd64 18-3
2016-06-08 16:28:40 install libcap2:amd64 <none> 1:2.24-8
2016-06-08 16:28:40 status half-installed libcap2:amd64 1:2.24-8
2016-06-08 16:28:40 status unpacked libcap2:amd64 1:2.24-8
2016-06-08 16:28:40 status unpacked libcap2:amd64 1:2.24-8
2016-06-08 16:28:40 install libcap2-bin:amd64 <none> 1:2.24-8
2016-06-08 16:28:40 status half-installed libcap2-bin:amd64 1:2.24-8
2016-06-08 16:28:40 status unpacked libcap2-bin:amd64 1:2.24-8
2016-06-08 16:28:40 status unpacked libcap2-bin:amd64 1:2.24-8
2016-06-08 16:28:41 install libgcrypt20:amd64 <none> 1.6.3-2+deb8u1
2016-06-08 16:28:41 status half-installed libgcrypt20:amd64 1.6.3-2+deb8u1
2016-06-08 16:28:41 status unpacked libgcrypt20:amd64 1.6.3-2+deb8u1
2016-06-08 16:28:41 status unpacked libgcrypt20:amd64 1.6.3-2+deb8u1
2016-06-08 16:28:41 install libgpg-error0:amd64 <none> 1.17-3
2016-06-08 16:28:41 status half-installed libgpg-error0:amd64 1.17-3
2016-06-08 16:28:41 status unpacked libgpg-error0:amd64 1.17-3
2016-06-08 16:28:41 status unpacked libgpg-error0:amd64 1.17-3
2016-06-08 16:28:41 install liblocale-gettext-perl:amd64 <none> 1.05-8+b1
2016-06-08 16:28:41 status half-installed liblocale-gettext-perl:amd64 1.05-8+b1
2016-06-08 16:28:41 status unpacked liblocale-gettext-perl:amd64 1.05-8+b1
2016-06-08 16:28:41 status unpacked liblocale-gettext-perl:amd64 1.05-8+b1
2016-06-08 16:28:41 install libselinux1:amd64 <none> 2.3-2
2016-06-08 16:28:41 status half-installed libselinux1:amd64 2.3-2
2016-06-08 16:28:41 status unpacked libselinux1:amd64 2.3-2
2016-06-08 16:28:41 status unpacked libselinux1:amd64 2.3-2
2016-06-08 16:28:42 install libsemanage-common:all <none> 2.3-1
2016-06-08 16:28:42 status half-installed libsemanage-common:all 2.3-1
2016-06-08 16:28:42 status unpacked libsemanage-common:all 2.3-1
2016-06-08 16:28:42 status unpacked libsemanage-common:all 2.3-1
2016-06-08 16:28:42 install libsemanage1:amd64 <none> 2.3-1+b1
2016-06-08 16:28:42 status half-installed libsemanage1:amd64 2.3-1+b1
2016-06-08 16:28:42 status unpacked libsemanage1:amd64 2.3-1+b1
2016-06-08 16:28:42 status unpacked libsemanage1:amd64 2.3-1+b1
2016-06-08 16:28:42 install libsepol1:amd64 <none> 2.3-2
2016-06-08 16:28:42 status half-installed libsepol1:amd64 2.3-2
2016-06-08 16:28:42 status unpacked libsepol1:amd64 2.3-2
2016-06-08 16:28:42 status unpacked libsepol1:amd64 2.3-2
2016-06-08 16:28:42 install libtext-charwidth-perl:amd64 <none> 0.04-7+b3
2016-06-08 16:28:42 status half-installed libtext-charwidth-perl:amd64 0.04-7+b3
2016-06-08 16:28:42 status unpacked libtext-charwidth-perl:amd64 0.04-7+b3
2016-06-08 16:28:42 status unpacked libtext-charwidth-perl:amd64 0.04-7+b3
2016-06-08 16:28:43 install libtext-iconv-perl:amd64 <none> 1.7-5+b2
2016-06-08 16:28:43 status half-installed libtext-iconv-perl:amd64 1.7-5+b2
2016-06-08 16:28:43 status unpacked libtext-iconv-perl:amd64 1.7-5+b2
2016-06-08 16:28:43 status unpacked libtext-iconv-perl:amd64 1.7-5+b2
2016-06-08 16:28:43 install libtext-wrapi18n-perl:all <none> 0.06-7
2016-06-08 16:28:43 status half-installed libtext-wrapi18n-perl:all 0.06-7
2016-06-08 16:28:43 status unpacked libtext-wrapi18n-perl:all 0.06-7
2016-06-08 16:28:43 status unpacked libtext-wrapi18n-perl:all 0.06-7
2016-06-08 16:28:43 install lsb-base:all <none> 4.1+Debian13+nmu1
2016-06-08 16:28:43 status half-installed lsb-base:all 4.1+Debian13+nmu1
2016-06-08 16:28:43 status unpacked lsb-base:all 4.1+Debian13+nmu1
2016-06-08 16:28:43 status unpacked lsb-base:all 4.1+Debian13+nmu1
2016-06-08 16:28:43 install dmsetup:amd64 <none> 2:1.02.90-2.2+deb8u1
2016-06-08 16:28:43 status half-installed dmsetup:amd64 2:1.02.90-2.2+deb8u1
2016-06-08 16:28:43 status unpacked dmsetup:amd64 2:1.02.90-2.2+deb8u1
2016-06-08 16:28:43 status unpacked dmsetup:amd64 2:1.02.90-2.2+deb8u1
2016-06-08 16:28:43 install libdevmapper1.02.1:amd64 <none> 2:1.02.90-2.2+deb8u1
2016-06-08 16:28:43 status half-installed libdevmapper1.02.1:amd64 2:1.02.90-2.2+deb8u1
2016-06-08 16:28:43 status unpacked libdevmapper1.02.1:amd64 2:1.02.90-2.2+deb8u1
2016-06-08 16:28:44 status unpacked libdevmapper1.02.1:amd64 2:1.02.90-2.2+deb8u1
2016-06-08 16:28:44 upgrade mawk:amd64 1.3.3-17 1.3.3-17
2016-06-08 16:28:44 status half-configured mawk:amd64 1.3.3-17
2016-06-08 16:28:44 status unpacked mawk:amd64 1.3.3-17
2016-06-08 16:28:44 status half-installed mawk:amd64 1.3.3-17
2016-06-08 16:28:44 status half-installed mawk:amd64 1.3.3-17
2016-06-08 16:28:44 status unpacked mawk:amd64 1.3.3-17
2016-06-08 16:28:44 status unpacked mawk:amd64 1.3.3-17
2016-06-08 16:28:44 install libncurses5:amd64 <none> 5.9+20140913-1+b1
2016-06-08 16:28:44 status half-installed libncurses5:amd64 5.9+20140913-1+b1
2016-06-08 16:28:44 status unpacked libncurses5:amd64 5.9+20140913-1+b1
2016-06-08 16:28:44 status unpacked libncurses5:amd64 5.9+20140913-1+b1
2016-06-08 16:28:44 install libncursesw5:amd64 <none> 5.9+20140913-1+b1
2016-06-08 16:28:44 status half-installed libncursesw5:amd64 5.9+20140913-1+b1
2016-06-08 16:28:44 status unpacked libncursesw5:amd64 5.9+20140913-1+b1
2016-06-08 16:28:44 status unpacked libncursesw5:amd64 5.9+20140913-1+b1
2016-06-08 16:28:44 install libtinfo5:amd64 <none> 5.9+20140913-1+b1
2016-06-08 16:28:44 status half-installed libtinfo5:amd64 5.9+20140913-1+b1
2016-06-08 16:28:45 status unpacked libtinfo5:amd64 5.9+20140913-1+b1
2016-06-08 16:28:45 status unpacked libtinfo5:amd64 5.9+20140913-1+b1
2016-06-08 16:28:45 install ncurses-base:all <none> 5.9+20140913-1
2016-06-08 16:28:45 status half-installed ncurses-base:all 5.9+20140913-1
2016-06-08 16:28:45 status unpacked ncurses-base:all 5.9+20140913-1
2016-06-08 16:28:45 status unpacked ncurses-base:all 5.9+20140913-1
2016-06-08 16:28:45 install ncurses-bin:amd64 <none> 5.9+20140913-1+b1
2016-06-08 16:28:45 status half-installed ncurses-bin:amd64 5.9+20140913-1+b1
2016-06-08 16:28:45 status unpacked ncurses-bin:amd64 5.9+20140913-1+b1
2016-06-08 16:28:45 status unpacked ncurses-bin:amd64 5.9+20140913-1+b1
2016-06-08 16:28:45 install libpam-modules:amd64 <none> 1.1.8-3.1+deb8u1+b1
2016-06-08 16:28:45 status half-installed libpam-modules:amd64 1.1.8-3.1+deb8u1+b1
2016-06-08 16:28:45 status unpacked libpam-modules:amd64 1.1.8-3.1+deb8u1+b1
2016-06-08 16:28:46 status unpacked libpam-modules:amd64 1.1.8-3.1+deb8u1+b1
2016-06-08 16:28:46 install libpam-modules-bin:amd64 <none> 1.1.8-3.1+deb8u1+b1
2016-06-08 16:28:46 status half-installed libpam-modules-bin:amd64 1.1.8-3.1+deb8u1+b1
2016-06-08 16:28:46 status unpacked libpam-modules-bin:amd64 1.1.8-3.1+deb8u1+b1
2016-06-08 16:28:46 status unpacked libpam-modules-bin:amd64 1.1.8-3.1+deb8u1+b1
2016-06-08 16:28:46 install libpam-runtime:all <none> 1.1.8-3.1+deb8u1
2016-06-08 16:28:46 status half-installed libpam-runtime:all 1.1.8-3.1+deb8u1
2016-06-08 16:28:46 status unpacked libpam-runtime:all 1.1.8-3.1+deb8u1
2016-06-08 16:28:46 status unpacked libpam-runtime:all 1.1.8-3.1+deb8u1
2016-06-08 16:28:46 install libpam0g:amd64 <none> 1.1.8-3.1+deb8u1+b1
2016-06-08 16:28:46 status half-installed libpam0g:amd64 1.1.8-3.1+deb8u1+b1
2016-06-08 16:28:46 status unpacked libpam0g:amd64 1.1.8-3.1+deb8u1+b1
2016-06-08 16:28:46 status unpacked libpam0g:amd64 1.1.8-3.1+deb8u1+b1
2016-06-08 16:28:46 install libpcre3:amd64 <none> 2:8.35-3.3+deb8u4
2016-06-08 16:28:46 status half-installed libpcre3:amd64 2:8.35-3.3+deb8u4
2016-06-08 16:28:47 status unpacked libpcre3:amd64 2:8.35-3.3+deb8u4
2016-06-08 16:28:47 status unpacked libpcre3:amd64 2:8.35-3.3+deb8u4
2016-06-08 16:28:47 upgrade perl-base:amd64 5.20.2-3+deb8u5 5.20.2-3+deb8u5
2016-06-08 16:28:47 status half-configured perl-base:amd64 5.20.2-3+deb8u5
2016-06-08 16:28:47 status unpacked perl-base:amd64 5.20.2-3+deb8u5
2016-06-08 16:28:47 status half-installed perl-base:amd64 5.20.2-3+deb8u5
2016-06-08 16:28:47 status half-installed perl-base:amd64 5.20.2-3+deb8u5
2016-06-08 16:28:47 status unpacked perl-base:amd64 5.20.2-3+deb8u5
2016-06-08 16:28:47 status unpacked perl-base:amd64 5.20.2-3+deb8u5
2016-06-08 16:28:47 install libprocps3:amd64 <none> 2:3.3.9-9
2016-06-08 16:28:47 status half-installed libprocps3:amd64 2:3.3.9-9
2016-06-08 16:28:47 status unpacked libprocps3:amd64 2:3.3.9-9
2016-06-08 16:28:47 status unpacked libprocps3:amd64 2:3.3.9-9
2016-06-08 16:28:48 install procps:amd64 <none> 2:3.3.9-9
2016-06-08 16:28:48 status half-installed procps:amd64 2:3.3.9-9
2016-06-08 16:28:48 status unpacked procps:amd64 2:3.3.9-9
2016-06-08 16:28:48 status unpacked procps:amd64 2:3.3.9-9
2016-06-08 16:28:48 install sed:amd64 <none> 4.2.2-4+b1
2016-06-08 16:28:48 status half-installed sed:amd64 4.2.2-4+b1
2016-06-08 16:28:48 status unpacked sed:amd64 4.2.2-4+b1
2016-06-08 16:28:48 status unpacked sed:amd64 4.2.2-4+b1
2016-06-08 16:28:48 install sensible-utils:all <none> 0.0.9
2016-06-08 16:28:48 status half-installed sensible-utils:all 0.0.9
2016-06-08 16:28:48 status unpacked sensible-utils:all 0.0.9
2016-06-08 16:28:48 status unpacked sensible-utils:all 0.0.9
2016-06-08 16:28:48 install login:amd64 <none> 1:4.2-3+deb8u1
2016-06-08 16:28:48 status half-installed login:amd64 1:4.2-3+deb8u1
2016-06-08 16:28:49 status unpacked login:amd64 1:4.2-3+deb8u1
2016-06-08 16:28:49 status unpacked login:amd64 1:4.2-3+deb8u1
2016-06-08 16:28:49 install passwd:amd64 <none> 1:4.2-3+deb8u1
2016-06-08 16:28:49 status half-installed passwd:amd64 1:4.2-3+deb8u1
2016-06-08 16:28:49 status unpacked passwd:amd64 1:4.2-3+deb8u1
2016-06-08 16:28:49 status unpacked passwd:amd64 1:4.2-3+deb8u1
2016-06-08 16:28:49 install libslang2:amd64 <none> 2.3.0-2
2016-06-08 16:28:49 status half-installed libslang2:amd64 2.3.0-2
2016-06-08 16:28:49 status unpacked libslang2:amd64 2.3.0-2
2016-06-08 16:28:49 status unpacked libslang2:amd64 2.3.0-2
2016-06-08 16:28:49 install startpar:amd64 <none> 0.59-3
2016-06-08 16:28:49 status half-installed startpar:amd64 0.59-3
2016-06-08 16:28:50 status unpacked startpar:amd64 0.59-3
2016-06-08 16:28:50 status unpacked startpar:amd64 0.59-3
2016-06-08 16:28:50 install libsystemd0:amd64 <none> 215-17+deb8u4
2016-06-08 16:28:50 status half-installed libsystemd0:amd64 215-17+deb8u4
2016-06-08 16:28:50 status unpacked libsystemd0:amd64 215-17+deb8u4
2016-06-08 16:28:50 status unpacked libsystemd0:amd64 215-17+deb8u4
2016-06-08 16:28:50 install libudev1:amd64 <none> 215-17+deb8u4
2016-06-08 16:28:50 status half-installed libudev1:amd64 215-17+deb8u4
2016-06-08 16:28:50 status unpacked libudev1:amd64 215-17+deb8u4
2016-06-08 16:28:50 status unpacked libudev1:amd64 215-17+deb8u4
2016-06-08 16:28:50 install systemd:amd64 <none> 215-17+deb8u4
2016-06-08 16:28:50 status half-installed systemd:amd64 215-17+deb8u4
2016-06-08 16:28:51 status unpacked systemd:amd64 215-17+deb8u4
2016-06-08 16:28:51 status unpacked systemd:amd64 215-17+deb8u4
2016-06-08 16:28:51 install systemd-sysv:amd64 <none> 215-17+deb8u4
2016-06-08 16:28:51 status half-installed systemd-sysv:amd64 215-17+deb8u4
2016-06-08 16:28:51 status unpacked systemd-sysv:amd64 215-17+deb8u4
2016-06-08 16:28:51 status unpacked systemd-sysv:amd64 215-17+deb8u4
2016-06-08 16:28:51 install udev:amd64 <none> 215-17+deb8u4
2016-06-08 16:28:51 status half-installed udev:amd64 215-17+deb8u4
2016-06-08 16:28:52 status unpacked udev:amd64 215-17+deb8u4
2016-06-08 16:28:52 status unpacked udev:amd64 215-17+deb8u4
2016-06-08 16:28:52 install initscripts:amd64 <none> 2.88dsf-59
2016-06-08 16:28:52 status half-installed initscripts:amd64 2.88dsf-59
2016-06-08 16:28:52 status unpacked initscripts:amd64 2.88dsf-59
2016-06-08 16:28:52 status unpacked initscripts:amd64 2.88dsf-59
2016-06-08 16:28:52 install sysv-rc:all <none> 2.88dsf-59
2016-06-08 16:28:52 status half-installed sysv-rc:all 2.88dsf-59
2016-06-08 16:28:52 status unpacked sysv-rc:all 2.88dsf-59
2016-06-08 16:28:52 status unpacked sysv-rc:all 2.88dsf-59
2016-06-08 16:28:52 install sysvinit-utils:amd64 <none> 2.88dsf-59
2016-06-08 16:28:52 status half-installed sysvinit-utils:amd64 2.88dsf-59
2016-06-08 16:28:53 status unpacked sysvinit-utils:amd64 2.88dsf-59
2016-06-08 16:28:53 status unpacked sysvinit-utils:amd64 2.88dsf-59
2016-06-08 16:28:53 install tar:amd64 <none> 1.27.1-2+b1
2016-06-08 16:28:53 status half-installed tar:amd64 1.27.1-2+b1
2016-06-08 16:28:53 status unpacked tar:amd64 1.27.1-2+b1
2016-06-08 16:28:53 status unpacked tar:amd64 1.27.1-2+b1
2016-06-08 16:28:53 install tzdata:all <none> 2016d-0+deb8u1
2016-06-08 16:28:53 status half-installed tzdata:all 2016d-0+deb8u1
2016-06-08 16:28:54 status unpacked tzdata:all 2016d-0+deb8u1
2016-06-08 16:28:54 status unpacked tzdata:all 2016d-0+deb8u1
2016-06-08 16:28:54 install libustr-1.0-1:amd64 <none> 1.0.4-3+b2
2016-06-08 16:28:54 status half-installed libustr-1.0-1:amd64 1.0.4-3+b2
2016-06-08 16:28:54 status unpacked libustr-1.0-1:amd64 1.0.4-3+b2
2016-06-08 16:28:54 status unpacked libustr-1.0-1:amd64 1.0.4-3+b2
2016-06-08 16:28:54 install bsdutils:amd64 <none> 1:2.25.2-6
2016-06-08 16:28:54 status half-installed bsdutils:amd64 1:2.25.2-6
2016-06-08 16:28:54 status unpacked bsdutils:amd64 1:2.25.2-6
2016-06-08 16:28:54 status unpacked bsdutils:amd64 1:2.25.2-6
2016-06-08 16:28:54 install libblkid1:amd64 <none> 2.25.2-6
2016-06-08 16:28:54 status half-installed libblkid1:amd64 2.25.2-6
2016-06-08 16:28:54 status unpacked libblkid1:amd64 2.25.2-6
2016-06-08 16:28:55 status unpacked libblkid1:amd64 2.25.2-6
2016-06-08 16:28:55 install libmount1:amd64 <none> 2.25.2-6
2016-06-08 16:28:55 status half-installed libmount1:amd64 2.25.2-6
2016-06-08 16:28:55 status unpacked libmount1:amd64 2.25.2-6
2016-06-08 16:28:55 status unpacked libmount1:amd64 2.25.2-6
2016-06-08 16:28:55 install libsmartcols1:amd64 <none> 2.25.2-6
2016-06-08 16:28:55 status half-installed libsmartcols1:amd64 2.25.2-6
2016-06-08 16:28:55 status unpacked libsmartcols1:amd64 2.25.2-6
2016-06-08 16:28:55 status unpacked libsmartcols1:amd64 2.25.2-6
2016-06-08 16:28:55 install libuuid1:amd64 <none> 2.25.2-6
2016-06-08 16:28:55 status half-installed libuuid1:amd64 2.25.2-6
2016-06-08 16:28:56 status unpacked libuuid1:amd64 2.25.2-6
2016-06-08 16:28:56 status unpacked libuuid1:amd64 2.25.2-6
2016-06-08 16:28:56 install mount:amd64 <none> 2.25.2-6
2016-06-08 16:28:56 status half-installed mount:amd64 2.25.2-6
2016-06-08 16:28:56 status unpacked mount:amd64 2.25.2-6
2016-06-08 16:28:56 status unpacked mount:amd64 2.25.2-6
2016-06-08 16:28:56 install util-linux:amd64 <none> 2.25.2-6
2016-06-08 16:28:56 status half-installed util-linux:amd64 2.25.2-6
2016-06-08 16:28:56 status unpacked util-linux:amd64 2.25.2-6
2016-06-08 16:28:56 status unpacked util-linux:amd64 2.25.2-6
2016-06-08 16:28:56 install liblzma5:amd64 <none> 5.1.1alpha+20120614-2+b3
2016-06-08 16:28:56 status half-installed liblzma5:amd64 5.1.1alpha+20120614-2+b3
2016-06-08 16:28:56 status unpacked liblzma5:amd64 5.1.1alpha+20120614-2+b3
2016-06-08 16:28:56 status unpacked liblzma5:amd64 5.1.1alpha+20120614-2+b3
2016-06-08 16:28:57 install zlib1g:amd64 <none> 1:1.2.8.dfsg-2+b1
2016-06-08 16:28:57 status half-installed zlib1g:amd64 1:1.2.8.dfsg-2+b1
2016-06-08 16:28:57 status unpacked zlib1g:amd64 1:1.2.8.dfsg-2+b1
2016-06-08 16:28:57 status unpacked zlib1g:amd64 1:1.2.8.dfsg-2+b1
2016-06-08 16:28:57 startup packages configure
2016-06-08 16:28:57 configure gcc-4.8-base:amd64 4.8.4-1 <none>
2016-06-08 16:28:57 status unpacked gcc-4.8-base:amd64 4.8.4-1
2016-06-08 16:28:57 status half-configured gcc-4.8-base:amd64 4.8.4-1
2016-06-08 16:28:57 status installed gcc-4.8-base:amd64 4.8.4-1
2016-06-08 16:28:57 configure lsb-base:all 4.1+Debian13+nmu1 <none>
2016-06-08 16:28:57 status unpacked lsb-base:all 4.1+Debian13+nmu1
2016-06-08 16:28:57 status half-configured lsb-base:all 4.1+Debian13+nmu1
2016-06-08 16:28:57 status installed lsb-base:all 4.1+Debian13+nmu1
2016-06-08 16:28:57 configure sensible-utils:all 0.0.9 <none>
2016-06-08 16:28:57 status unpacked sensible-utils:all 0.0.9
2016-06-08 16:28:57 status half-configured sensible-utils:all 0.0.9
2016-06-08 16:28:57 status installed sensible-utils:all 0.0.9
2016-06-08 16:28:57 configure ncurses-base:all 5.9+20140913-1 <none>
2016-06-08 16:28:57 status unpacked ncurses-base:all 5.9+20140913-1
2016-06-08 16:28:57 status unpacked ncurses-base:all 5.9+20140913-1
2016-06-08 16:28:57 status half-configured ncurses-base:all 5.9+20140913-1
2016-06-08 16:28:57 status installed ncurses-base:all 5.9+20140913-1
2016-06-08 16:28:57 configure libsemanage-common:all 2.3-1 <none>
2016-06-08 16:28:57 status unpacked libsemanage-common:all 2.3-1
2016-06-08 16:28:57 status unpacked libsemanage-common:all 2.3-1
2016-06-08 16:28:57 status half-configured libsemanage-common:all 2.3-1
2016-06-08 16:28:57 status installed libsemanage-common:all 2.3-1
2016-06-08 16:28:57 configure gcc-4.9-base:amd64 4.9.2-10 <none>
2016-06-08 16:28:57 status unpacked gcc-4.9-base:amd64 4.9.2-10
2016-06-08 16:28:57 status half-configured gcc-4.9-base:amd64 4.9.2-10
2016-06-08 16:28:57 status installed gcc-4.9-base:amd64 4.9.2-10
2016-06-08 16:28:57 configure libaudit-common:all 1:2.4-1 <none>
2016-06-08 16:28:57 status unpacked libaudit-common:all 1:2.4-1
2016-06-08 16:28:58 status unpacked libaudit-common:all 1:2.4-1
2016-06-08 16:28:58 status half-configured libaudit-common:all 1:2.4-1
2016-06-08 16:28:58 status installed libaudit-common:all 1:2.4-1
2016-06-08 16:28:58 configure libc6:amd64 2.19-18+deb8u4 <none>
2016-06-08 16:28:58 status unpacked libc6:amd64 2.19-18+deb8u4
2016-06-08 16:28:58 status unpacked libc6:amd64 2.19-18+deb8u4
2016-06-08 16:28:58 status half-configured libc6:amd64 2.19-18+deb8u4
2016-06-08 16:28:58 status installed libc6:amd64 2.19-18+deb8u4
2016-06-08 16:28:58 configure startpar:amd64 0.59-3 <none>
2016-06-08 16:28:58 status unpacked startpar:amd64 0.59-3
2016-06-08 16:28:58 status unpacked startpar:amd64 0.59-3
2016-06-08 16:28:58 status half-configured startpar:amd64 0.59-3
2016-06-08 16:28:58 status installed startpar:amd64 0.59-3
2016-06-08 16:28:58 configure libc-bin:amd64 2.19-18+deb8u4 <none>
2016-06-08 16:28:58 status unpacked libc-bin:amd64 2.19-18+deb8u4
2016-06-08 16:28:58 status unpacked libc-bin:amd64 2.19-18+deb8u4
2016-06-08 16:28:58 status unpacked libc-bin:amd64 2.19-18+deb8u4
2016-06-08 16:28:58 status unpacked libc-bin:amd64 2.19-18+deb8u4
2016-06-08 16:28:58 status unpacked libc-bin:amd64 2.19-18+deb8u4
2016-06-08 16:28:58 status unpacked libc-bin:amd64 2.19-18+deb8u4
2016-06-08 16:28:58 status half-configured libc-bin:amd64 2.19-18+deb8u4
2016-06-08 16:28:58 status installed libc-bin:amd64 2.19-18+deb8u4
2016-06-08 16:28:58 configure diffutils:amd64 1:3.3-1+b1 <none>
2016-06-08 16:28:58 status unpacked diffutils:amd64 1:3.3-1+b1
2016-06-08 16:28:58 status half-configured diffutils:amd64 1:3.3-1+b1
2016-06-08 16:28:58 status installed diffutils:amd64 1:3.3-1+b1
2016-06-08 16:28:58 configure insserv:amd64 1.14.0-5 <none>
2016-06-08 16:28:58 status unpacked insserv:amd64 1.14.0-5
2016-06-08 16:28:58 status unpacked insserv:amd64 1.14.0-5
2016-06-08 16:28:58 status unpacked insserv:amd64 1.14.0-5
2016-06-08 16:28:58 status half-configured insserv:amd64 1.14.0-5
2016-06-08 16:28:58 status installed insserv:amd64 1.14.0-5
2016-06-08 16:28:59 configure findutils:amd64 4.4.2-9+b1 <none>
2016-06-08 16:28:59 status unpacked findutils:amd64 4.4.2-9+b1
2016-06-08 16:28:59 status half-configured findutils:amd64 4.4.2-9+b1
2016-06-08 16:28:59 status installed findutils:amd64 4.4.2-9+b1
2016-06-08 16:28:59 configure debianutils:amd64 4.4+b1 <none>
2016-06-08 16:28:59 status unpacked debianutils:amd64 4.4+b1
2016-06-08 16:28:59 status half-configured debianutils:amd64 4.4+b1
2016-06-08 16:28:59 status installed debianutils:amd64 4.4+b1
2016-06-08 16:28:59 configure hostname:amd64 3.15 <none>
2016-06-08 16:28:59 status unpacked hostname:amd64 3.15
2016-06-08 16:28:59 status half-configured hostname:amd64 3.15
2016-06-08 16:28:59 status installed hostname:amd64 3.15
2016-06-08 16:28:59 configure multiarch-support:amd64 2.19-18+deb8u4 <none>
2016-06-08 16:28:59 status unpacked multiarch-support:amd64 2.19-18+deb8u4
2016-06-08 16:28:59 status half-configured multiarch-support:amd64 2.19-18+deb8u4
2016-06-08 16:28:59 status installed multiarch-support:amd64 2.19-18+deb8u4
2016-06-08 16:28:59 configure mawk:amd64 1.3.3-17 <none>
2016-06-08 16:28:59 status unpacked mawk:amd64 1.3.3-17
2016-06-08 16:28:59 status half-configured mawk:amd64 1.3.3-17
2016-06-08 16:28:59 status installed mawk:amd64 1.3.3-17
2016-06-08 16:28:59 configure libprocps3:amd64 2:3.3.9-9 <none>
2016-06-08 16:28:59 status unpacked libprocps3:amd64 2:3.3.9-9
2016-06-08 16:28:59 status half-configured libprocps3:amd64 2:3.3.9-9
2016-06-08 16:28:59 status installed libprocps3:amd64 2:3.3.9-9
2016-06-08 16:28:59 status triggers-pending libc-bin:amd64 2.19-18+deb8u4
2016-06-08 16:28:59 configure libpcre3:amd64 2:8.35-3.3+deb8u4 <none>
2016-06-08 16:28:59 status unpacked libpcre3:amd64 2:8.35-3.3+deb8u4
2016-06-08 16:28:59 status half-configured libpcre3:amd64 2:8.35-3.3+deb8u4
2016-06-08 16:28:59 status installed libpcre3:amd64 2:8.35-3.3+deb8u4
2016-06-08 16:28:59 configure libbz2-1.0:amd64 1.0.6-7+b3 <none>
2016-06-08 16:28:59 status unpacked libbz2-1.0:amd64 1.0.6-7+b3
2016-06-08 16:28:59 status half-configured libbz2-1.0:amd64 1.0.6-7+b3
2016-06-08 16:28:59 status installed libbz2-1.0:amd64 1.0.6-7+b3
2016-06-08 16:28:59 configure libkmod2:amd64 18-3 <none>
2016-06-08 16:28:59 status unpacked libkmod2:amd64 18-3
2016-06-08 16:28:59 status half-configured libkmod2:amd64 18-3
2016-06-08 16:28:59 status installed libkmod2:amd64 18-3
2016-06-08 16:29:00 configure libgpg-error0:amd64 1.17-3 <none>
2016-06-08 16:29:00 status unpacked libgpg-error0:amd64 1.17-3
2016-06-08 16:29:00 status half-configured libgpg-error0:amd64 1.17-3
2016-06-08 16:29:00 status installed libgpg-error0:amd64 1.17-3
2016-06-08 16:29:00 configure base-files:amd64 8+deb8u5 <none>
2016-06-08 16:29:00 status unpacked base-files:amd64 8+deb8u5
2016-06-08 16:29:00 status unpacked base-files:amd64 8+deb8u5
2016-06-08 16:29:00 status unpacked base-files:amd64 8+deb8u5
2016-06-08 16:29:00 status unpacked base-files:amd64 8+deb8u5
2016-06-08 16:29:00 status unpacked base-files:amd64 8+deb8u5
2016-06-08 16:29:00 status unpacked base-files:amd64 8+deb8u5
2016-06-08 16:29:00 status half-configured base-files:amd64 8+deb8u5
2016-06-08 16:29:00 status installed base-files:amd64 8+deb8u5
2016-06-08 16:29:00 configure libdebconfclient0:amd64 0.192 <none>
2016-06-08 16:29:00 status unpacked libdebconfclient0:amd64 0.192
2016-06-08 16:29:00 status half-configured libdebconfclient0:amd64 0.192
2016-06-08 16:29:00 status installed libdebconfclient0:amd64 0.192
2016-06-08 16:29:00 configure libselinux1:amd64 2.3-2 <none>
2016-06-08 16:29:00 status unpacked libselinux1:amd64 2.3-2
2016-06-08 16:29:00 status half-configured libselinux1:amd64 2.3-2
2016-06-08 16:29:00 status installed libselinux1:amd64 2.3-2
2016-06-08 16:29:00 configure libcomerr2:amd64 1.42.12-1.1 <none>
2016-06-08 16:29:00 status unpacked libcomerr2:amd64 1.42.12-1.1
2016-06-08 16:29:00 status half-configured libcomerr2:amd64 1.42.12-1.1
2016-06-08 16:29:00 status installed libcomerr2:amd64 1.42.12-1.1
2016-06-08 16:29:00 configure libslang2:amd64 2.3.0-2 <none>
2016-06-08 16:29:00 status unpacked libslang2:amd64 2.3.0-2
2016-06-08 16:29:00 status half-configured libslang2:amd64 2.3.0-2
2016-06-08 16:29:00 status installed libslang2:amd64 2.3.0-2
2016-06-08 16:29:00 configure libsepol1:amd64 2.3-2 <none>
2016-06-08 16:29:00 status unpacked libsepol1:amd64 2.3-2
2016-06-08 16:29:00 status half-configured libsepol1:amd64 2.3-2
2016-06-08 16:29:01 status installed libsepol1:amd64 2.3-2
2016-06-08 16:29:01 configure libgcc1:amd64 1:4.9.2-10 <none>
2016-06-08 16:29:01 status unpacked libgcc1:amd64 1:4.9.2-10
2016-06-08 16:29:01 status half-configured libgcc1:amd64 1:4.9.2-10
2016-06-08 16:29:01 status installed libgcc1:amd64 1:4.9.2-10
2016-06-08 16:29:01 configure libustr-1.0-1:amd64 1.0.4-3+b2 <none>
2016-06-08 16:29:01 status unpacked libustr-1.0-1:amd64 1.0.4-3+b2
2016-06-08 16:29:01 status half-configured libustr-1.0-1:amd64 1.0.4-3+b2
2016-06-08 16:29:01 status installed libustr-1.0-1:amd64 1.0.4-3+b2
2016-06-08 16:29:01 configure libsmartcols1:amd64 2.25.2-6 <none>
2016-06-08 16:29:01 status unpacked libsmartcols1:amd64 2.25.2-6
2016-06-08 16:29:01 status half-configured libsmartcols1:amd64 2.25.2-6
2016-06-08 16:29:01 status installed libsmartcols1:amd64 2.25.2-6
2016-06-08 16:29:01 configure libaudit1:amd64 1:2.4-1+b1 <none>
2016-06-08 16:29:01 status unpacked libaudit1:amd64 1:2.4-1+b1
2016-06-08 16:29:01 status half-configured libaudit1:amd64 1:2.4-1+b1
2016-06-08 16:29:01 status installed libaudit1:amd64 1:2.4-1+b1
2016-06-08 16:29:01 configure libtinfo5:amd64 5.9+20140913-1+b1 <none>
2016-06-08 16:29:01 status unpacked libtinfo5:amd64 5.9+20140913-1+b1
2016-06-08 16:29:01 status half-configured libtinfo5:amd64 5.9+20140913-1+b1
2016-06-08 16:29:01 status installed libtinfo5:amd64 5.9+20140913-1+b1
2016-06-08 16:29:01 configure libudev1:amd64 215-17+deb8u4 <none>
2016-06-08 16:29:01 status unpacked libudev1:amd64 215-17+deb8u4
2016-06-08 16:29:01 status half-configured libudev1:amd64 215-17+deb8u4
2016-06-08 16:29:01 status installed libudev1:amd64 215-17+deb8u4
2016-06-08 16:29:01 configure libattr1:amd64 1:2.4.47-2 <none>
2016-06-08 16:29:01 status unpacked libattr1:amd64 1:2.4.47-2
2016-06-08 16:29:01 status half-configured libattr1:amd64 1:2.4.47-2
2016-06-08 16:29:01 status installed libattr1:amd64 1:2.4.47-2
2016-06-08 16:29:01 configure libss2:amd64 1.42.12-1.1 <none>
2016-06-08 16:29:01 status unpacked libss2:amd64 1.42.12-1.1
2016-06-08 16:29:01 status half-configured libss2:amd64 1.42.12-1.1
2016-06-08 16:29:02 status installed libss2:amd64 1.42.12-1.1
2016-06-08 16:29:02 configure liblzma5:amd64 5.1.1alpha+20120614-2+b3 <none>
2016-06-08 16:29:02 status unpacked liblzma5:amd64 5.1.1alpha+20120614-2+b3
2016-06-08 16:29:02 status half-configured liblzma5:amd64 5.1.1alpha+20120614-2+b3
2016-06-08 16:29:02 status installed liblzma5:amd64 5.1.1alpha+20120614-2+b3
2016-06-08 16:29:02 configure base-passwd:amd64 3.5.37 <none>
2016-06-08 16:29:02 status unpacked base-passwd:amd64 3.5.37
2016-06-08 16:29:02 status half-configured base-passwd:amd64 3.5.37
2016-06-08 16:29:02 status installed base-passwd:amd64 3.5.37
2016-06-08 16:29:02 configure e2fslibs:amd64 1.42.12-1.1 <none>
2016-06-08 16:29:02 status unpacked e2fslibs:amd64 1.42.12-1.1
2016-06-08 16:29:02 status half-configured e2fslibs:amd64 1.42.12-1.1
2016-06-08 16:29:02 status installed e2fslibs:amd64 1.42.12-1.1
2016-06-08 16:29:02 configure libgcrypt20:amd64 1.6.3-2+deb8u1 <none>
2016-06-08 16:29:02 status unpacked libgcrypt20:amd64 1.6.3-2+deb8u1
2016-06-08 16:29:02 status half-configured libgcrypt20:amd64 1.6.3-2+deb8u1
2016-06-08 16:29:02 status installed libgcrypt20:amd64 1.6.3-2+deb8u1
2016-06-08 16:29:02 configure libncursesw5:amd64 5.9+20140913-1+b1 <none>
2016-06-08 16:29:02 status unpacked libncursesw5:amd64 5.9+20140913-1+b1
2016-06-08 16:29:02 status half-configured libncursesw5:amd64 5.9+20140913-1+b1
2016-06-08 16:29:02 status installed libncursesw5:amd64 5.9+20140913-1+b1
2016-06-08 16:29:02 configure libdb5.3:amd64 5.3.28-9 <none>
2016-06-08 16:29:02 status unpacked libdb5.3:amd64 5.3.28-9
2016-06-08 16:29:02 status half-configured libdb5.3:amd64 5.3.28-9
2016-06-08 16:29:02 status installed libdb5.3:amd64 5.3.28-9
2016-06-08 16:29:02 configure zlib1g:amd64 1:1.2.8.dfsg-2+b1 <none>
2016-06-08 16:29:02 status unpacked zlib1g:amd64 1:1.2.8.dfsg-2+b1
2016-06-08 16:29:03 status half-configured zlib1g:amd64 1:1.2.8.dfsg-2+b1
2016-06-08 16:29:03 status installed zlib1g:amd64 1:1.2.8.dfsg-2+b1
2016-06-08 16:29:03 configure libcap2:amd64 1:2.24-8 <none>
2016-06-08 16:29:03 status unpacked libcap2:amd64 1:2.24-8
2016-06-08 16:29:03 status half-configured libcap2:amd64 1:2.24-8
2016-06-08 16:29:03 status installed libcap2:amd64 1:2.24-8
2016-06-08 16:29:03 configure libsystemd0:amd64 215-17+deb8u4 <none>
2016-06-08 16:29:03 status unpacked libsystemd0:amd64 215-17+deb8u4
2016-06-08 16:29:03 status half-configured libsystemd0:amd64 215-17+deb8u4
2016-06-08 16:29:03 status installed libsystemd0:amd64 215-17+deb8u4
2016-06-08 16:29:03 configure libdevmapper1.02.1:amd64 2:1.02.90-2.2+deb8u1 <none>
2016-06-08 16:29:03 status unpacked libdevmapper1.02.1:amd64 2:1.02.90-2.2+deb8u1
2016-06-08 16:29:03 status half-configured libdevmapper1.02.1:amd64 2:1.02.90-2.2+deb8u1
2016-06-08 16:29:03 status installed libdevmapper1.02.1:amd64 2:1.02.90-2.2+deb8u1
2016-06-08 16:29:03 configure libsemanage1:amd64 2.3-1+b1 <none>
2016-06-08 16:29:03 status unpacked libsemanage1:amd64 2.3-1+b1
2016-06-08 16:29:03 status half-configured libsemanage1:amd64 2.3-1+b1
2016-06-08 16:29:03 status installed libsemanage1:amd64 2.3-1+b1
2016-06-08 16:29:03 configure sysvinit-utils:amd64 2.88dsf-59 <none>
2016-06-08 16:29:03 status unpacked sysvinit-utils:amd64 2.88dsf-59
2016-06-08 16:29:03 status half-configured sysvinit-utils:amd64 2.88dsf-59
2016-06-08 16:29:03 status installed sysvinit-utils:amd64 2.88dsf-59
2016-06-08 16:29:03 configure libacl1:amd64 2.2.52-2 <none>
2016-06-08 16:29:03 status unpacked libacl1:amd64 2.2.52-2
2016-06-08 16:29:03 status half-configured libacl1:amd64 2.2.52-2
2016-06-08 16:29:03 status installed libacl1:amd64 2.2.52-2
2016-06-08 16:29:03 configure ncurses-bin:amd64 5.9+20140913-1+b1 <none>
2016-06-08 16:29:03 status unpacked ncurses-bin:amd64 5.9+20140913-1+b1
2016-06-08 16:29:03 status half-configured ncurses-bin:amd64 5.9+20140913-1+b1
2016-06-08 16:29:03 status installed ncurses-bin:amd64 5.9+20140913-1+b1
2016-06-08 16:29:04 configure acl:amd64 2.2.52-2 <none>
2016-06-08 16:29:04 status unpacked acl:amd64 2.2.52-2
2016-06-08 16:29:04 status half-configured acl:amd64 2.2.52-2
2016-06-08 16:29:04 status installed acl:amd64 2.2.52-2
2016-06-08 16:29:04 configure libncurses5:amd64 5.9+20140913-1+b1 <none>
2016-06-08 16:29:04 status unpacked libncurses5:amd64 5.9+20140913-1+b1
2016-06-08 16:29:04 status half-configured libncurses5:amd64 5.9+20140913-1+b1
2016-06-08 16:29:04 status installed libncurses5:amd64 5.9+20140913-1+b1
2016-06-08 16:29:04 configure libcap2-bin:amd64 1:2.24-8 <none>
2016-06-08 16:29:04 status unpacked libcap2-bin:amd64 1:2.24-8
2016-06-08 16:29:04 status half-configured libcap2-bin:amd64 1:2.24-8
2016-06-08 16:29:04 status installed libcap2-bin:amd64 1:2.24-8
2016-06-08 16:29:04 configure bsdutils:amd64 1:2.25.2-6 <none>
2016-06-08 16:29:04 status unpacked bsdutils:amd64 1:2.25.2-6
2016-06-08 16:29:04 status half-configured bsdutils:amd64 1:2.25.2-6
2016-06-08 16:29:04 status installed bsdutils:amd64 1:2.25.2-6
2016-06-08 16:29:04 configure coreutils:amd64 8.23-4 <none>
2016-06-08 16:29:04 status unpacked coreutils:amd64 8.23-4
2016-06-08 16:29:04 status half-configured coreutils:amd64 8.23-4
2016-06-08 16:29:04 status installed coreutils:amd64 8.23-4
2016-06-08 16:29:04 configure tar:amd64 1.27.1-2+b1 <none>
2016-06-08 16:29:04 status unpacked tar:amd64 1.27.1-2+b1
2016-06-08 16:29:04 status unpacked tar:amd64 1.27.1-2+b1
2016-06-08 16:29:04 status half-configured tar:amd64 1.27.1-2+b1
2016-06-08 16:29:04 status installed tar:amd64 1.27.1-2+b1
2016-06-08 16:29:04 configure dpkg:amd64 1.17.27 <none>
2016-06-08 16:29:04 status unpacked dpkg:amd64 1.17.27
2016-06-08 16:29:04 status unpacked dpkg:amd64 1.17.27
2016-06-08 16:29:04 status unpacked dpkg:amd64 1.17.27
2016-06-08 16:29:04 status unpacked dpkg:amd64 1.17.27
2016-06-08 16:29:04 status unpacked dpkg:amd64 1.17.27
2016-06-08 16:29:04 status half-configured dpkg:amd64 1.17.27
2016-06-08 16:29:04 status installed dpkg:amd64 1.17.27
2016-06-08 16:29:04 configure sed:amd64 4.2.2-4+b1 <none>
2016-06-08 16:29:04 status unpacked sed:amd64 4.2.2-4+b1
2016-06-08 16:29:04 status half-configured sed:amd64 4.2.2-4+b1
2016-06-08 16:29:04 status installed sed:amd64 4.2.2-4+b1
2016-06-08 16:29:04 configure perl-base:amd64 5.20.2-3+deb8u5 <none>
2016-06-08 16:29:04 status unpacked perl-base:amd64 5.20.2-3+deb8u5
2016-06-08 16:29:04 status half-configured perl-base:amd64 5.20.2-3+deb8u5
2016-06-08 16:29:05 status installed perl-base:amd64 5.20.2-3+deb8u5
2016-06-08 16:29:05 configure grep:amd64 2.20-4.1 <none>
2016-06-08 16:29:05 status unpacked grep:amd64 2.20-4.1
2016-06-08 16:29:05 status half-configured grep:amd64 2.20-4.1
2016-06-08 16:29:05 status installed grep:amd64 2.20-4.1
2016-06-08 16:29:05 configure debconf:all 1.5.56 <none>
2016-06-08 16:29:05 status unpacked debconf:all 1.5.56
2016-06-08 16:29:05 status unpacked debconf:all 1.5.56
2016-06-08 16:29:05 status unpacked debconf:all 1.5.56
2016-06-08 16:29:05 status unpacked debconf:all 1.5.56
2016-06-08 16:29:05 status half-configured debconf:all 1.5.56
2016-06-08 16:29:05 status installed debconf:all 1.5.56
2016-06-08 16:29:05 configure tzdata:all 2016d-0+deb8u1 <none>
2016-06-08 16:29:05 status unpacked tzdata:all 2016d-0+deb8u1
2016-06-08 16:29:05 status half-configured tzdata:all 2016d-0+deb8u1
2016-06-08 16:29:05 status installed tzdata:all 2016d-0+deb8u1
2016-06-08 16:29:05 configure gzip:amd64 1.6-4 <none>
2016-06-08 16:29:05 status unpacked gzip:amd64 1.6-4
2016-06-08 16:29:05 status half-configured gzip:amd64 1.6-4
2016-06-08 16:29:05 status installed gzip:amd64 1.6-4
2016-06-08 16:29:05 configure dash:amd64 0.5.7-4+b1 <none>
2016-06-08 16:29:05 status unpacked dash:amd64 0.5.7-4+b1
2016-06-08 16:29:05 status half-configured dash:amd64 0.5.7-4+b1
2016-06-08 16:29:06 status installed dash:amd64 0.5.7-4+b1
2016-06-08 16:29:06 configure libtext-iconv-perl:amd64 1.7-5+b2 <none>
2016-06-08 16:29:06 status unpacked libtext-iconv-perl:amd64 1.7-5+b2
2016-06-08 16:29:06 status half-configured libtext-iconv-perl:amd64 1.7-5+b2
2016-06-08 16:29:06 status installed libtext-iconv-perl:amd64 1.7-5+b2
2016-06-08 16:29:06 configure sysv-rc:all 2.88dsf-59 <none>
2016-06-08 16:29:06 status unpacked sysv-rc:all 2.88dsf-59
2016-06-08 16:29:06 status half-configured sysv-rc:all 2.88dsf-59
2016-06-08 16:29:06 status installed sysv-rc:all 2.88dsf-59
2016-06-08 16:29:06 configure liblocale-gettext-perl:amd64 1.05-8+b1 <none>
2016-06-08 16:29:06 status unpacked liblocale-gettext-perl:amd64 1.05-8+b1
2016-06-08 16:29:06 status half-configured liblocale-gettext-perl:amd64 1.05-8+b1
2016-06-08 16:29:06 status installed liblocale-gettext-perl:amd64 1.05-8+b1
2016-06-08 16:29:06 configure libtext-charwidth-perl:amd64 0.04-7+b3 <none>
2016-06-08 16:29:06 status unpacked libtext-charwidth-perl:amd64 0.04-7+b3
2016-06-08 16:29:06 status half-configured libtext-charwidth-perl:amd64 0.04-7+b3
2016-06-08 16:29:06 status installed libtext-charwidth-perl:amd64 0.04-7+b3
2016-06-08 16:29:06 configure libpam0g:amd64 1.1.8-3.1+deb8u1+b1 <none>
2016-06-08 16:29:06 status unpacked libpam0g:amd64 1.1.8-3.1+deb8u1+b1
2016-06-08 16:29:06 status half-configured libpam0g:amd64 1.1.8-3.1+deb8u1+b1
2016-06-08 16:29:06 status installed libpam0g:amd64 1.1.8-3.1+deb8u1+b1
2016-06-08 16:29:07 configure libpam-modules-bin:amd64 1.1.8-3.1+deb8u1+b1 <none>
2016-06-08 16:29:07 status unpacked libpam-modules-bin:amd64 1.1.8-3.1+deb8u1+b1
2016-06-08 16:29:07 status half-configured libpam-modules-bin:amd64 1.1.8-3.1+deb8u1+b1
2016-06-08 16:29:07 status installed libpam-modules-bin:amd64 1.1.8-3.1+deb8u1+b1
2016-06-08 16:29:07 configure bash:amd64 4.3-11+b1 <none>
2016-06-08 16:29:07 status unpacked bash:amd64 4.3-11+b1
2016-06-08 16:29:07 status unpacked bash:amd64 4.3-11+b1
2016-06-08 16:29:07 status unpacked bash:amd64 4.3-11+b1
2016-06-08 16:29:07 status unpacked bash:amd64 4.3-11+b1
2016-06-08 16:29:07 status unpacked bash:amd64 4.3-11+b1
2016-06-08 16:29:07 status half-configured bash:amd64 4.3-11+b1
2016-06-08 16:29:07 status installed bash:amd64 4.3-11+b1
2016-06-08 16:29:07 configure libtext-wrapi18n-perl:all 0.06-7 <none>
2016-06-08 16:29:07 status unpacked libtext-wrapi18n-perl:all 0.06-7
2016-06-08 16:29:07 status half-configured libtext-wrapi18n-perl:all 0.06-7
2016-06-08 16:29:07 status installed libtext-wrapi18n-perl:all 0.06-7
2016-06-08 16:29:07 configure libpam-modules:amd64 1.1.8-3.1+deb8u1+b1 <none>
2016-06-08 16:29:07 status unpacked libpam-modules:amd64 1.1.8-3.1+deb8u1+b1
2016-06-08 16:29:07 status unpacked libpam-modules:amd64 1.1.8-3.1+deb8u1+b1
2016-06-08 16:29:07 status unpacked libpam-modules:amd64 1.1.8-3.1+deb8u1+b1
2016-06-08 16:29:07 status unpacked libpam-modules:amd64 1.1.8-3.1+deb8u1+b1
2016-06-08 16:29:07 status unpacked libpam-modules:amd64 1.1.8-3.1+deb8u1+b1
2016-06-08 16:29:07 status unpacked libpam-modules:amd64 1.1.8-3.1+deb8u1+b1
2016-06-08 16:29:07 status unpacked libpam-modules:amd64 1.1.8-3.1+deb8u1+b1
2016-06-08 16:29:07 status unpacked libpam-modules:amd64 1.1.8-3.1+deb8u1+b1
2016-06-08 16:29:07 status unpacked libpam-modules:amd64 1.1.8-3.1+deb8u1+b1
2016-06-08 16:29:07 status half-configured libpam-modules:amd64 1.1.8-3.1+deb8u1+b1
2016-06-08 16:29:07 status installed libpam-modules:amd64 1.1.8-3.1+deb8u1+b1
2016-06-08 16:29:07 configure libpam-runtime:all 1.1.8-3.1+deb8u1 <none>
2016-06-08 16:29:07 status unpacked libpam-runtime:all 1.1.8-3.1+deb8u1
2016-06-08 16:29:07 status unpacked libpam-runtime:all 1.1.8-3.1+deb8u1
2016-06-08 16:29:07 status unpacked libpam-runtime:all 1.1.8-3.1+deb8u1
2016-06-08 16:29:08 status half-configured libpam-runtime:all 1.1.8-3.1+deb8u1
2016-06-08 16:29:08 status installed libpam-runtime:all 1.1.8-3.1+deb8u1
2016-06-08 16:29:08 configure debconf-i18n:all 1.5.56 <none>
2016-06-08 16:29:08 status unpacked debconf-i18n:all 1.5.56
2016-06-08 16:29:08 status half-configured debconf-i18n:all 1.5.56
2016-06-08 16:29:08 status installed debconf-i18n:all 1.5.56
2016-06-08 16:29:08 configure passwd:amd64 1:4.2-3+deb8u1 <none>
2016-06-08 16:29:08 status unpacked passwd:amd64 1:4.2-3+deb8u1
2016-06-08 16:29:08 status unpacked passwd:amd64 1:4.2-3+deb8u1
2016-06-08 16:29:08 status unpacked passwd:amd64 1:4.2-3+deb8u1
2016-06-08 16:29:08 status unpacked passwd:amd64 1:4.2-3+deb8u1
2016-06-08 16:29:08 status unpacked passwd:amd64 1:4.2-3+deb8u1
2016-06-08 16:29:08 status unpacked passwd:amd64 1:4.2-3+deb8u1
2016-06-08 16:29:08 status unpacked passwd:amd64 1:4.2-3+deb8u1
2016-06-08 16:29:08 status unpacked passwd:amd64 1:4.2-3+deb8u1
2016-06-08 16:29:08 status half-configured passwd:amd64 1:4.2-3+deb8u1
2016-06-08 16:29:08 status installed passwd:amd64 1:4.2-3+deb8u1
2016-06-08 16:29:08 configure login:amd64 1:4.2-3+deb8u1 <none>
2016-06-08 16:29:08 status unpacked login:amd64 1:4.2-3+deb8u1
2016-06-08 16:29:08 status unpacked login:amd64 1:4.2-3+deb8u1
2016-06-08 16:29:08 status unpacked login:amd64 1:4.2-3+deb8u1
2016-06-08 16:29:08 status unpacked login:amd64 1:4.2-3+deb8u1
2016-06-08 16:29:08 status unpacked login:amd64 1:4.2-3+deb8u1
2016-06-08 16:29:08 status half-configured login:amd64 1:4.2-3+deb8u1
2016-06-08 16:29:08 status installed login:amd64 1:4.2-3+deb8u1
2016-06-08 16:29:09 configure adduser:all 3.113+nmu3 <none>
2016-06-08 16:29:09 status unpacked adduser:all 3.113+nmu3
2016-06-08 16:29:09 status unpacked adduser:all 3.113+nmu3
2016-06-08 16:29:09 status half-configured adduser:all 3.113+nmu3
2016-06-08 16:29:09 status installed adduser:all 3.113+nmu3
2016-06-08 16:29:09 configure libuuid1:amd64 2.25.2-6 <none>
2016-06-08 16:29:09 status unpacked libuuid1:amd64 2.25.2-6
2016-06-08 16:29:09 status half-configured libuuid1:amd64 2.25.2-6
2016-06-08 16:29:09 status installed libuuid1:amd64 2.25.2-6
2016-06-08 16:29:09 configure libblkid1:amd64 2.25.2-6 <none>
2016-06-08 16:29:09 status unpacked libblkid1:amd64 2.25.2-6
2016-06-08 16:29:09 status half-configured libblkid1:amd64 2.25.2-6
2016-06-08 16:29:09 status installed libblkid1:amd64 2.25.2-6
2016-06-08 16:29:09 configure libmount1:amd64 2.25.2-6 <none>
2016-06-08 16:29:09 status unpacked libmount1:amd64 2.25.2-6
2016-06-08 16:29:09 status half-configured libmount1:amd64 2.25.2-6
2016-06-08 16:29:09 status installed libmount1:amd64 2.25.2-6
2016-06-08 16:29:09 configure libcryptsetup4:amd64 2:1.6.6-5 <none>
2016-06-08 16:29:09 status unpacked libcryptsetup4:amd64 2:1.6.6-5
2016-06-08 16:29:09 status half-configured libcryptsetup4:amd64 2:1.6.6-5
2016-06-08 16:29:09 status installed libcryptsetup4:amd64 2:1.6.6-5
2016-06-08 16:29:09 configure mount:amd64 2.25.2-6 <none>
2016-06-08 16:29:09 status unpacked mount:amd64 2.25.2-6
2016-06-08 16:29:09 status half-configured mount:amd64 2.25.2-6
2016-06-08 16:29:09 status installed mount:amd64 2.25.2-6
2016-06-08 16:29:09 configure initscripts:amd64 2.88dsf-59 <none>
2016-06-08 16:29:09 status unpacked initscripts:amd64 2.88dsf-59
2016-06-08 16:29:10 status unpacked initscripts:amd64 2.88dsf-59
2016-06-08 16:29:10 status unpacked initscripts:amd64 2.88dsf-59
2016-06-08 16:29:10 status unpacked initscripts:amd64 2.88dsf-59
2016-06-08 16:29:10 status unpacked initscripts:amd64 2.88dsf-59
2016-06-08 16:29:10 status unpacked initscripts:amd64 2.88dsf-59
2016-06-08 16:29:10 status unpacked initscripts:amd64 2.88dsf-59
2016-06-08 16:29:10 status unpacked initscripts:amd64 2.88dsf-59
2016-06-08 16:29:10 status unpacked initscripts:amd64 2.88dsf-59
2016-06-08 16:29:10 status unpacked initscripts:amd64 2.88dsf-59
2016-06-08 16:29:10 status unpacked initscripts:amd64 2.88dsf-59
2016-06-08 16:29:10 status unpacked initscripts:amd64 2.88dsf-59
2016-06-08 16:29:10 status unpacked initscripts:amd64 2.88dsf-59
2016-06-08 16:29:10 status unpacked initscripts:amd64 2.88dsf-59
2016-06-08 16:29:10 status unpacked initscripts:amd64 2.88dsf-59
2016-06-08 16:29:10 status unpacked initscripts:amd64 2.88dsf-59
2016-06-08 16:29:10 status unpacked initscripts:amd64 2.88dsf-59
2016-06-08 16:29:10 status unpacked initscripts:amd64 2.88dsf-59
2016-06-08 16:29:10 status unpacked initscripts:amd64 2.88dsf-59
2016-06-08 16:29:10 status unpacked initscripts:amd64 2.88dsf-59
2016-06-08 16:29:10 status unpacked initscripts:amd64 2.88dsf-59
2016-06-08 16:29:10 status unpacked initscripts:amd64 2.88dsf-59
2016-06-08 16:29:10 status unpacked initscripts:amd64 2.88dsf-59
2016-06-08 16:29:10 status unpacked initscripts:amd64 2.88dsf-59
2016-06-08 16:29:10 status unpacked initscripts:amd64 2.88dsf-59
2016-06-08 16:29:10 status unpacked initscripts:amd64 2.88dsf-59
2016-06-08 16:29:10 status unpacked initscripts:amd64 2.88dsf-59
2016-06-08 16:29:10 status unpacked initscripts:amd64 2.88dsf-59
2016-06-08 16:29:10 status unpacked initscripts:amd64 2.88dsf-59
2016-06-08 16:29:10 status unpacked initscripts:amd64 2.88dsf-59
2016-06-08 16:29:10 status half-configured initscripts:amd64 2.88dsf-59
2016-06-08 16:29:11 status installed initscripts:amd64 2.88dsf-59
2016-06-08 16:29:11 configure util-linux:amd64 2.25.2-6 <none>
2016-06-08 16:29:11 status unpacked util-linux:amd64 2.25.2-6
2016-06-08 16:29:11 status unpacked util-linux:amd64 2.25.2-6
2016-06-08 16:29:11 status unpacked util-linux:amd64 2.25.2-6
2016-06-08 16:29:11 status unpacked util-linux:amd64 2.25.2-6
2016-06-08 16:29:11 status unpacked util-linux:amd64 2.25.2-6
2016-06-08 16:29:11 status half-configured util-linux:amd64 2.25.2-6
2016-06-08 16:29:11 status installed util-linux:amd64 2.25.2-6
2016-06-08 16:29:12 configure e2fsprogs:amd64 1.42.12-1.1 <none>
2016-06-08 16:29:12 status unpacked e2fsprogs:amd64 1.42.12-1.1
2016-06-08 16:29:12 status unpacked e2fsprogs:amd64 1.42.12-1.1
2016-06-08 16:29:12 status half-configured e2fsprogs:amd64 1.42.12-1.1
2016-06-08 16:29:12 status installed e2fsprogs:amd64 1.42.12-1.1
2016-06-08 16:29:12 configure procps:amd64 2:3.3.9-9 <none>
2016-06-08 16:29:12 status unpacked procps:amd64 2:3.3.9-9
2016-06-08 16:29:12 status unpacked procps:amd64 2:3.3.9-9
2016-06-08 16:29:12 status unpacked procps:amd64 2:3.3.9-9
2016-06-08 16:29:12 status unpacked procps:amd64 2:3.3.9-9
2016-06-08 16:29:12 status half-configured procps:amd64 2:3.3.9-9
2016-06-08 16:29:12 status installed procps:amd64 2:3.3.9-9
2016-06-08 16:29:12 configure udev:amd64 215-17+deb8u4 <none>
2016-06-08 16:29:12 status unpacked udev:amd64 215-17+deb8u4
2016-06-08 16:29:12 status unpacked udev:amd64 215-17+deb8u4
2016-06-08 16:29:12 status unpacked udev:amd64 215-17+deb8u4
2016-06-08 16:29:12 status unpacked udev:amd64 215-17+deb8u4
2016-06-08 16:29:12 status unpacked udev:amd64 215-17+deb8u4
2016-06-08 16:29:12 status unpacked udev:amd64 215-17+deb8u4
2016-06-08 16:29:12 status unpacked udev:amd64 215-17+deb8u4
2016-06-08 16:29:12 status unpacked udev:amd64 215-17+deb8u4
2016-06-08 16:29:12 status unpacked udev:amd64 215-17+deb8u4
2016-06-08 16:29:12 status unpacked udev:amd64 215-17+deb8u4
2016-06-08 16:29:12 status half-configured udev:amd64 215-17+deb8u4
2016-06-08 16:29:13 status installed udev:amd64 215-17+deb8u4
2016-06-08 16:29:13 configure systemd:amd64 215-17+deb8u4 <none>
2016-06-08 16:29:13 status unpacked systemd:amd64 215-17+deb8u4
2016-06-08 16:29:13 status unpacked systemd:amd64 215-17+deb8u4
2016-06-08 16:29:13 status unpacked systemd:amd64 215-17+deb8u4
2016-06-08 16:29:13 status unpacked systemd:amd64 215-17+deb8u4
2016-06-08 16:29:13 status unpacked systemd:amd64 215-17+deb8u4
2016-06-08 16:29:13 status unpacked systemd:amd64 215-17+deb8u4
2016-06-08 16:29:13 status unpacked systemd:amd64 215-17+deb8u4
2016-06-08 16:29:13 status unpacked systemd:amd64 215-17+deb8u4
2016-06-08 16:29:13 status unpacked systemd:amd64 215-17+deb8u4
2016-06-08 16:29:13 status unpacked systemd:amd64 215-17+deb8u4
2016-06-08 16:29:13 status unpacked systemd:amd64 215-17+deb8u4
2016-06-08 16:29:13 status unpacked systemd:amd64 215-17+deb8u4
2016-06-08 16:29:13 status unpacked systemd:amd64 215-17+deb8u4
2016-06-08 16:29:13 status unpacked systemd:amd64 215-17+deb8u4
2016-06-08 16:29:13 status unpacked systemd:amd64 215-17+deb8u4
2016-06-08 16:29:13 status half-configured systemd:amd64 215-17+deb8u4
2016-06-08 16:29:15 status installed systemd:amd64 215-17+deb8u4
2016-06-08 16:29:15 configure dmsetup:amd64 2:1.02.90-2.2+deb8u1 <none>
2016-06-08 16:29:15 status unpacked dmsetup:amd64 2:1.02.90-2.2+deb8u1
2016-06-08 16:29:15 status half-configured dmsetup:amd64 2:1.02.90-2.2+deb8u1
2016-06-08 16:29:15 status installed dmsetup:amd64 2:1.02.90-2.2+deb8u1
2016-06-08 16:29:15 configure systemd-sysv:amd64 215-17+deb8u4 <none>
2016-06-08 16:29:15 status unpacked systemd-sysv:amd64 215-17+deb8u4
2016-06-08 16:29:15 status half-configured systemd-sysv:amd64 215-17+deb8u4
2016-06-08 16:29:15 status installed systemd-sysv:amd64 215-17+deb8u4
2016-06-08 16:29:15 configure init:amd64 1.22 <none>
2016-06-08 16:29:15 status unpacked init:amd64 1.22
2016-06-08 16:29:15 status half-configured init:amd64 1.22
2016-06-08 16:29:15 status installed init:amd64 1.22
2016-06-08 16:29:15 trigproc libc-bin:amd64 2.19-18+deb8u4 <none>
2016-06-08 16:29:15 status half-configured libc-bin:amd64 2.19-18+deb8u4
2016-06-08 16:29:16 status installed libc-bin:amd64 2.19-18+deb8u4
2016-06-08 16:29:17 startup archives unpack
2016-06-08 16:29:17 install apt:amd64 <none> 1.0.9.8.3
2016-06-08 16:29:17 status half-installed apt:amd64 1.0.9.8.3
2016-06-08 16:29:18 status unpacked apt:amd64 1.0.9.8.3
2016-06-08 16:29:18 status unpacked apt:amd64 1.0.9.8.3
2016-06-08 16:29:18 install libapt-pkg4.12:amd64 <none> 1.0.9.8.3
2016-06-08 16:29:18 status half-installed libapt-pkg4.12:amd64 1.0.9.8.3
2016-06-08 16:29:18 status unpacked libapt-pkg4.12:amd64 1.0.9.8.3
2016-06-08 16:29:18 status unpacked libapt-pkg4.12:amd64 1.0.9.8.3
2016-06-08 16:29:18 install debian-archive-keyring:all <none> 2014.3
2016-06-08 16:29:18 status half-installed debian-archive-keyring:all 2014.3
2016-06-08 16:29:18 status unpacked debian-archive-keyring:all 2014.3
2016-06-08 16:29:18 status unpacked debian-archive-keyring:all 2014.3
2016-06-08 16:29:18 install libstdc++6:amd64 <none> 4.9.2-10
2016-06-08 16:29:18 status half-installed libstdc++6:amd64 4.9.2-10
2016-06-08 16:29:18 status unpacked libstdc++6:amd64 4.9.2-10
2016-06-08 16:29:18 status unpacked libstdc++6:amd64 4.9.2-10
2016-06-08 16:29:19 install gnupg:amd64 <none> 1.4.18-7+deb8u1
2016-06-08 16:29:19 status half-installed gnupg:amd64 1.4.18-7+deb8u1
2016-06-08 16:29:19 status unpacked gnupg:amd64 1.4.18-7+deb8u1
2016-06-08 16:29:19 status unpacked gnupg:amd64 1.4.18-7+deb8u1
2016-06-08 16:29:19 install gpgv:amd64 <none> 1.4.18-7+deb8u1
2016-06-08 16:29:19 status half-installed gpgv:amd64 1.4.18-7+deb8u1
2016-06-08 16:29:19 status unpacked gpgv:amd64 1.4.18-7+deb8u1
2016-06-08 16:29:19 status unpacked gpgv:amd64 1.4.18-7+deb8u1
2016-06-08 16:29:19 install inetutils-ping:amd64 <none> 2:1.9.2.39.3a460-3
2016-06-08 16:29:19 status half-installed inetutils-ping:amd64 2:1.9.2.39.3a460-3
2016-06-08 16:29:19 status unpacked inetutils-ping:amd64 2:1.9.2.39.3a460-3
2016-06-08 16:29:19 status unpacked inetutils-ping:amd64 2:1.9.2.39.3a460-3
2016-06-08 16:29:19 install iproute2:amd64 <none> 3.16.0-2
2016-06-08 16:29:19 status half-installed iproute2:amd64 3.16.0-2
2016-06-08 16:29:20 status unpacked iproute2:amd64 3.16.0-2
2016-06-08 16:29:20 status unpacked iproute2:amd64 3.16.0-2
2016-06-08 16:29:20 install libusb-0.1-4:amd64 <none> 2:0.1.12-25
2016-06-08 16:29:20 status half-installed libusb-0.1-4:amd64 2:0.1.12-25
2016-06-08 16:29:20 status unpacked libusb-0.1-4:amd64 2:0.1.12-25
2016-06-08 16:29:20 status unpacked libusb-0.1-4:amd64 2:0.1.12-25
2016-06-08 16:29:20 install netbase:all <none> 5.3
2016-06-08 16:29:20 status half-installed netbase:all 5.3
2016-06-08 16:29:20 status unpacked netbase:all 5.3
2016-06-08 16:29:20 status unpacked netbase:all 5.3
2016-06-08 16:29:20 install libreadline6:amd64 <none> 6.3-8+b3
2016-06-08 16:29:20 status half-installed libreadline6:amd64 6.3-8+b3
2016-06-08 16:29:20 status unpacked libreadline6:amd64 6.3-8+b3
2016-06-08 16:29:20 status unpacked libreadline6:amd64 6.3-8+b3
2016-06-08 16:29:20 install readline-common:all <none> 6.3-8
2016-06-08 16:29:20 status half-installed readline-common:all 6.3-8
2016-06-08 16:29:21 status unpacked readline-common:all 6.3-8
2016-06-08 16:29:21 status unpacked readline-common:all 6.3-8
2016-06-08 16:29:21 startup packages configure
2016-06-08 16:29:21 configure readline-common:all 6.3-8 <none>
2016-06-08 16:29:21 status unpacked readline-common:all 6.3-8
2016-06-08 16:29:21 status half-configured readline-common:all 6.3-8
2016-06-08 16:29:21 status installed readline-common:all 6.3-8
2016-06-08 16:29:21 configure gpgv:amd64 1.4.18-7+deb8u1 <none>
2016-06-08 16:29:21 status unpacked gpgv:amd64 1.4.18-7+deb8u1
2016-06-08 16:29:21 status half-configured gpgv:amd64 1.4.18-7+deb8u1
2016-06-08 16:29:21 status installed gpgv:amd64 1.4.18-7+deb8u1
2016-06-08 16:29:21 configure iproute2:amd64 3.16.0-2 <none>
2016-06-08 16:29:21 status unpacked iproute2:amd64 3.16.0-2
2016-06-08 16:29:21 status unpacked iproute2:amd64 3.16.0-2
2016-06-08 16:29:21 status unpacked iproute2:amd64 3.16.0-2
2016-06-08 16:29:21 status unpacked iproute2:amd64 3.16.0-2
2016-06-08 16:29:21 status unpacked iproute2:amd64 3.16.0-2
2016-06-08 16:29:21 status unpacked iproute2:amd64 3.16.0-2
2016-06-08 16:29:21 status unpacked iproute2:amd64 3.16.0-2
2016-06-08 16:29:21 status unpacked iproute2:amd64 3.16.0-2
2016-06-08 16:29:21 status half-configured iproute2:amd64 3.16.0-2
2016-06-08 16:29:21 status installed iproute2:amd64 3.16.0-2
2016-06-08 16:29:21 configure debian-archive-keyring:all 2014.3 <none>
2016-06-08 16:29:21 status unpacked debian-archive-keyring:all 2014.3
2016-06-08 16:29:21 status unpacked debian-archive-keyring:all 2014.3
2016-06-08 16:29:21 status unpacked debian-archive-keyring:all 2014.3
2016-06-08 16:29:21 status unpacked debian-archive-keyring:all 2014.3
2016-06-08 16:29:21 status unpacked debian-archive-keyring:all 2014.3
2016-06-08 16:29:21 status unpacked debian-archive-keyring:all 2014.3
2016-06-08 16:29:21 status unpacked debian-archive-keyring:all 2014.3
2016-06-08 16:29:21 status unpacked debian-archive-keyring:all 2014.3
2016-06-08 16:29:21 status half-configured debian-archive-keyring:all 2014.3
2016-06-08 16:29:21 status installed debian-archive-keyring:all 2014.3
2016-06-08 16:29:21 configure libstdc++6:amd64 4.9.2-10 <none>
2016-06-08 16:29:21 status unpacked libstdc++6:amd64 4.9.2-10
2016-06-08 16:29:22 status half-configured libstdc++6:amd64 4.9.2-10
2016-06-08 16:29:22 status installed libstdc++6:amd64 4.9.2-10
2016-06-08 16:29:22 status triggers-pending libc-bin:amd64 2.19-18+deb8u4
2016-06-08 16:29:22 configure libapt-pkg4.12:amd64 1.0.9.8.3 <none>
2016-06-08 16:29:22 status unpacked libapt-pkg4.12:amd64 1.0.9.8.3
2016-06-08 16:29:22 status half-configured libapt-pkg4.12:amd64 1.0.9.8.3
2016-06-08 16:29:22 status installed libapt-pkg4.12:amd64 1.0.9.8.3
2016-06-08 16:29:22 configure libusb-0.1-4:amd64 2:0.1.12-25 <none>
2016-06-08 16:29:22 status unpacked libusb-0.1-4:amd64 2:0.1.12-25
2016-06-08 16:29:22 status half-configured libusb-0.1-4:amd64 2:0.1.12-25
2016-06-08 16:29:22 status installed libusb-0.1-4:amd64 2:0.1.12-25
2016-06-08 16:29:22 configure libreadline6:amd64 6.3-8+b3 <none>
2016-06-08 16:29:22 status unpacked libreadline6:amd64 6.3-8+b3
2016-06-08 16:29:22 status half-configured libreadline6:amd64 6.3-8+b3
2016-06-08 16:29:22 status installed libreadline6:amd64 6.3-8+b3
2016-06-08 16:29:22 configure netbase:all 5.3 <none>
2016-06-08 16:29:22 status unpacked netbase:all 5.3
2016-06-08 16:29:22 status unpacked netbase:all 5.3
2016-06-08 16:29:22 status unpacked netbase:all 5.3
2016-06-08 16:29:22 status unpacked netbase:all 5.3
2016-06-08 16:29:22 status half-configured netbase:all 5.3
2016-06-08 16:29:22 status installed netbase:all 5.3
2016-06-08 16:29:22 configure inetutils-ping:amd64 2:1.9.2.39.3a460-3 <none>
2016-06-08 16:29:22 status unpacked inetutils-ping:amd64 2:1.9.2.39.3a460-3
2016-06-08 16:29:22 status half-configured inetutils-ping:amd64 2:1.9.2.39.3a460-3
2016-06-08 16:29:22 status installed inetutils-ping:amd64 2:1.9.2.39.3a460-3
2016-06-08 16:29:22 configure gnupg:amd64 1.4.18-7+deb8u1 <none>
2016-06-08 16:29:22 status unpacked gnupg:amd64 1.4.18-7+deb8u1
2016-06-08 16:29:22 status half-configured gnupg:amd64 1.4.18-7+deb8u1
2016-06-08 16:29:22 status installed gnupg:amd64 1.4.18-7+deb8u1
2016-06-08 16:29:22 configure apt:amd64 1.0.9.8.3 <none>
2016-06-08 16:29:22 status unpacked apt:amd64 1.0.9.8.3
2016-06-08 16:29:22 status unpacked apt:amd64 1.0.9.8.3
2016-06-08 16:29:22 status unpacked apt:amd64 1.0.9.8.3
2016-06-08 16:29:22 status unpacked apt:amd64 1.0.9.8.3
2016-06-08 16:29:23 status unpacked apt:amd64 1.0.9.8.3
2016-06-08 16:29:23 status half-configured apt:amd64 1.0.9.8.3
2016-06-08 16:29:23 status installed apt:amd64 1.0.9.8.3
2016-06-08 16:29:23 trigproc libc-bin:amd64 2.19-18+deb8u4 <none>
2016-06-08 16:29:23 status half-configured libc-bin:amd64 2.19-18+deb8u4
2016-06-08 16:29:23 status installed libc-bin:amd64 2.19-18+deb8u4
